[2026-04-12T13:21:54.372Z] POST /api/v1/auth/send-otp/signup - Status: 200 - IP: ::1 - User: Guest - ResponseTime: 3682ms
[2026-04-12T13:22:14.629Z] POST /api/v1/auth/verify-otp - Status: 200 - IP: ::1 - User: Guest - ResponseTime: 239ms
[2026-04-12T13:22:14.652Z] POST /api/v1/auth/signup - Status: 400 - IP: ::1 - User: Guest - ResponseTime: 10ms
[2026-04-12T13:22:36.540Z] POST /api/v1/auth/verify-otp - Status: 404 - IP: ::1 - User: Guest - ResponseTime: 71ms
[2026-04-12T13:22:51.678Z] POST /api/v1/auth/send-otp/signup - Status: 200 - IP: ::1 - User: Guest - ResponseTime: 4027ms
[2026-04-12T13:23:00.788Z] POST /api/v1/auth/verify-otp - Status: 200 - IP: ::1 - User: Guest - ResponseTime: 215ms
[2026-04-12T13:23:01.501Z] POST /api/v1/auth/signup - Status: 201 - IP: ::1 - User: Guest - ResponseTime: 701ms
[2026-04-12T13:23:04.407Z] GET /api/v1/auth/me - Status: 200 - IP: ::1 - User: Guest - ResponseTime: 795ms
[2026-04-12T13:23:04.755Z] GET /api/v1/events - Status: 200 - IP: ::1 - User: Guest - ResponseTime: 336ms
[2026-04-12T13:23:05.034Z] GET /api/v1/teams/69c4c00254b7bd6222094550/teams - Status: 200 - IP: ::1 - User: Guest - ResponseTime: 205ms
[2026-04-12T13:23:33.975Z] GET /api/v1/auth/me - Status: 200 - IP: ::1 - User: Guest - ResponseTime: 1489ms
[2026-04-12T13:23:34.045Z] GET /api/v1/events/69c4c00254b7bd6222094550 - Status: 200 - IP: ::1 - User: Guest - ResponseTime: 1561ms
[2026-04-12T13:23:34.112Z] GET /api/v1/schedule/69c4c00254b7bd6222094550 - Status: 200 - IP: ::1 - User: Guest - ResponseTime: 1625ms
[2026-04-12T13:23:57.680Z] GET /api/v1/events - Status: 200 - IP: ::1 - User: Guest - ResponseTime: 169ms
[2026-04-12T13:23:57.852Z] GET /api/v1/teams/69c4c00254b7bd6222094550/teams - Status: 200 - IP: ::1 - User: Guest - ResponseTime: 168ms
[2026-04-12T13:33:22.252Z] GET /api/v1/auth/me - Status: 200 - IP: ::1 - User: Guest - ResponseTime: 142ms
[2026-04-12T13:33:22.659Z] GET /api/v1/events - Status: 200 - IP: ::1 - User: Guest - ResponseTime: 399ms
[2026-04-12T13:33:22.802Z] GET /api/v1/teams/69c4c00254b7bd6222094550/teams - Status: 200 - IP: ::1 - User: Guest - ResponseTime: 114ms
[2026-04-12T13:40:10.898Z] GET /api/v1/auth/me - Status: 401 - IP: ::1 - User: Guest - ResponseTime: 0ms
[2026-04-12T13:40:10.957Z] GET /api/v1/auth/me - Status: 401 - IP: ::1 - User: Guest - ResponseTime: 0ms
[2026-04-12T13:40:21.156Z] POST /api/v1/auth/login - Status: 200 - IP: ::1 - User: Guest - ResponseTime: 287ms
[2026-04-12T13:40:22.940Z] GET /api/v1/auth/me - Status: 200 - IP: ::1 - User: Guest - ResponseTime: 205ms
[2026-04-12T13:40:23.556Z] GET /api/v1/events - Status: 200 - IP: ::1 - User: Guest - ResponseTime: 608ms
[2026-04-12T13:40:23.918Z] GET /api/v1/teams/69c4c00254b7bd6222094550/teams - Status: 200 - IP: ::1 - User: Guest - ResponseTime: 292ms
[2026-04-12T13:40:43.523Z] GET /api/v1/auth/me - Status: 200 - IP: ::1 - User: Guest - ResponseTime: 1817ms
[2026-04-12T13:40:43.918Z] GET /api/v1/events - Status: 200 - IP: ::1 - User: Guest - ResponseTime: 389ms
[2026-04-12T13:40:44.188Z] GET /api/v1/teams/69c4c00254b7bd6222094550/teams - Status: 200 - IP: ::1 - User: Guest - ResponseTime: 216ms
[2026-04-12T13:42:06.421Z] GET /api/v1/auth/me - Status: 200 - IP: ::1 - User: Guest - ResponseTime: 133ms
[2026-04-12T13:42:06.560Z] GET /api/v1/events - Status: 200 - IP: ::1 - User: Guest - ResponseTime: 130ms
[2026-04-12T13:42:06.691Z] GET /api/v1/teams/69c4c00254b7bd6222094550/teams - Status: 200 - IP: ::1 - User: Guest - ResponseTime: 118ms
[2026-04-12T13:42:12.476Z] GET /api/v1/auth/me - Status: 200 - IP: ::1 - User: Guest - ResponseTime: 94ms
[2026-04-12T13:42:12.596Z] GET /api/v1/events - Status: 200 - IP: ::1 - User: Guest - ResponseTime: 108ms
[2026-04-12T13:42:12.698Z] GET /api/v1/teams/69c4c00254b7bd6222094550/teams - Status: 200 - IP: ::1 - User: Guest - ResponseTime: 92ms
[2026-04-12T13:42:24.588Z] GET /api/v1/auth/me - Status: 200 - IP: ::1 - User: Guest - ResponseTime: 339ms
[2026-04-12T13:42:24.795Z] GET /api/v1/events - Status: 200 - IP: ::1 - User: Guest - ResponseTime: 195ms
[2026-04-12T13:42:24.945Z] GET /api/v1/teams/69c4c00254b7bd6222094550/teams - Status: 200 - IP: ::1 - User: Guest - ResponseTime: 132ms
[2026-04-12T13:42:34.697Z] GET /api/v1/auth/me - Status: 200 - IP: ::1 - User: Guest - ResponseTime: 93ms
[2026-04-12T13:42:34.823Z] GET /api/v1/events - Status: 200 - IP: ::1 - User: Guest - ResponseTime: 115ms
[2026-04-12T13:42:34.940Z] GET /api/v1/teams/69c4c00254b7bd6222094550/teams - Status: 200 - IP: ::1 - User: Guest - ResponseTime: 109ms
[2026-04-12T13:43:04.038Z] GET /api/v1/auth/me - Status: 200 - IP: ::1 - User: Guest - ResponseTime: 310ms
[2026-04-12T13:43:04.309Z] GET /api/v1/events - Status: 200 - IP: ::1 - User: Guest - ResponseTime: 114ms
[2026-04-12T13:43:04.414Z] GET /api/v1/teams/69c4c00254b7bd6222094550/teams - Status: 200 - IP: ::1 - User: Guest - ResponseTime: 98ms
[2026-04-12T13:43:09.531Z] GET /api/v1/auth/me - Status: 200 - IP: ::1 - User: Guest - ResponseTime: 626ms
[2026-04-12T13:43:09.722Z] GET /api/v1/events - Status: 200 - IP: ::1 - User: Guest - ResponseTime: 153ms
[2026-04-12T13:43:10.021Z] GET /api/v1/teams/69c4c00254b7bd6222094550/teams - Status: 200 - IP: ::1 - User: Guest - ResponseTime: 179ms
[2026-04-12T13:43:13.333Z] GET /api/v1/auth/me - Status: 200 - IP: ::1 - User: Guest - ResponseTime: 288ms
[2026-04-12T13:43:13.688Z] GET /api/v1/events - Status: 200 - IP: ::1 - User: Guest - ResponseTime: 342ms
[2026-04-12T13:43:13.928Z] GET /api/v1/teams/69c4c00254b7bd6222094550/teams - Status: 200 - IP: ::1 - User: Guest - ResponseTime: 125ms
[2026-04-12T13:43:19.574Z] GET /api/v1/auth/me - Status: 200 - IP: ::1 - User: Guest - ResponseTime: 467ms
[2026-04-12T13:43:19.911Z] GET /api/v1/events - Status: 200 - IP: ::1 - User: Guest - ResponseTime: 314ms
[2026-04-12T13:43:20.286Z] GET /api/v1/teams/69c4c00254b7bd6222094550/teams - Status: 200 - IP: ::1 - User: Guest - ResponseTime: 288ms
[2026-04-12T13:43:58.594Z] GET /api/v1/auth/me - Status: 200 - IP: ::1 - User: Guest - ResponseTime: 108ms
[2026-04-12T13:43:58.744Z] GET /api/v1/events - Status: 200 - IP: ::1 - User: Guest - ResponseTime: 140ms
[2026-04-12T13:43:58.880Z] GET /api/v1/teams/69c4c00254b7bd6222094550/teams - Status: 200 - IP: ::1 - User: Guest - ResponseTime: 126ms
[2026-04-12T13:44:07.894Z] GET /api/v1/auth/me - Status: 200 - IP: ::1 - User: Guest - ResponseTime: 95ms
[2026-04-12T13:44:08.023Z] GET /api/v1/events - Status: 200 - IP: ::1 - User: Guest - ResponseTime: 115ms
[2026-04-12T13:44:08.128Z] GET /api/v1/teams/69c4c00254b7bd6222094550/teams - Status: 200 - IP: ::1 - User: Guest - ResponseTime: 91ms
[2026-04-12T13:44:19.976Z] GET /api/v1/auth/me - Status: 200 - IP: ::1 - User: Guest - ResponseTime: 102ms
[2026-04-12T13:44:20.099Z] GET /api/v1/events - Status: 200 - IP: ::1 - User: Guest - ResponseTime: 111ms
[2026-04-12T13:44:20.202Z] GET /api/v1/teams/69c4c00254b7bd6222094550/teams - Status: 200 - IP: ::1 - User: Guest - ResponseTime: 92ms
[2026-04-12T13:44:32.075Z] GET /api/v1/auth/me - Status: 200 - IP: ::1 - User: Guest - ResponseTime: 117ms
[2026-04-12T13:45:44.070Z] GET /api/v1/events - Status: 401 - IP: ::1 - User: Guest - ResponseTime: 0ms
[2026-04-12T13:45:44.172Z] GET /api/v1/auth/me - Status: 200 - IP: ::1 - User: Guest - ResponseTime: 103ms
[2026-04-12T13:46:20.737Z] GET /api/v1/auth/me - Status: 200 - IP: ::1 - User: Guest - ResponseTime: 115ms
[2026-04-12T13:46:21.074Z] GET /api/v1/events - Status: 200 - IP: ::1 - User: Guest - ResponseTime: 326ms
[2026-04-12T13:46:21.369Z] GET /api/v1/teams/69c4c00254b7bd6222094550/teams - Status: 200 - IP: ::1 - User: Guest - ResponseTime: 208ms
[2026-04-12T13:46:40.380Z] GET /api/v1/auth/me - Status: 200 - IP: ::1 - User: Guest - ResponseTime: 138ms
[2026-04-12T13:46:40.538Z] GET /api/v1/auth/me - Status: 200 - IP: ::1 - User: Guest - ResponseTime: 90ms
[2026-04-12T13:46:40.657Z] GET /api/v1/events - Status: 200 - IP: ::1 - User: Guest - ResponseTime: 108ms
[2026-04-12T13:46:40.791Z] GET /api/v1/teams/69c4c00254b7bd6222094550/teams - Status: 200 - IP: ::1 - User: Guest - ResponseTime: 95ms
[2026-04-12T13:49:59.335Z] GET /api/v1/auth/me - Status: 200 - IP: ::1 - User: Guest - ResponseTime: 97ms
[2026-04-12T13:49:59.450Z] GET /api/v1/events - Status: 200 - IP: ::1 - User: Guest - ResponseTime: 108ms
[2026-04-12T13:49:59.561Z] GET /api/v1/teams/69c4c00254b7bd6222094550/teams - Status: 200 - IP: ::1 - User: Guest - ResponseTime: 89ms
[2026-04-12T13:50:01.115Z] GET /api/v1/auth/me - Status: 200 - IP: ::1 - User: Guest - ResponseTime: 101ms
[2026-04-12T13:50:17.964Z] GET /api/v1/events - Status: 200 - IP: ::1 - User: Guest - ResponseTime: 130ms
[2026-04-12T13:50:18.154Z] GET /api/v1/teams/69c4c00254b7bd6222094550/teams - Status: 200 - IP: ::1 - User: Guest - ResponseTime: 155ms
[2026-04-12T18:31:54.340Z] POST /api/v1/auth/login - Status: 200 - IP: ::1 - User: Guest - ResponseTime: 507ms
[2026-04-12T18:32:09.997Z] POST /api/v1/auth/login - Status: 200 - IP: ::1 - User: Guest - ResponseTime: 579ms
[2026-04-12T18:32:43.455Z] GET /api/v1/auth/me - Status: 200 - IP: ::1 - User: Guest - ResponseTime: 180ms
[2026-04-12T18:36:22.207Z] GET /api/v1/auth/me - Status: 200 - IP: ::1 - User: Guest - ResponseTime: 400ms
[2026-04-12T18:36:22.510Z] GET /api/v1/events - Status: 200 - IP: ::1 - User: Guest - ResponseTime: 274ms
[2026-04-12T18:36:22.779Z] GET /api/v1/teams/69c4c00254b7bd6222094550/teams - Status: 200 - IP: ::1 - User: Guest - ResponseTime: 172ms
[2026-04-12T18:36:43.205Z] GET /api/v1/auth/me - Status: 200 - IP: ::1 - User: Guest - ResponseTime: 75ms
[2026-04-12T18:36:43.292Z] GET /api/v1/events - Status: 200 - IP: ::1 - User: Guest - ResponseTime: 77ms
[2026-04-12T18:36:43.377Z] GET /api/v1/teams/69c4c00254b7bd6222094550/teams - Status: 200 - IP: ::1 - User: Guest - ResponseTime: 77ms
[2026-04-12T18:38:09.100Z] GET /api/v1/auth/me - Status: 200 - IP: ::1 - User: Guest - ResponseTime: 75ms
[2026-04-12T18:38:09.182Z] GET /api/v1/events - Status: 200 - IP: ::1 - User: Guest - ResponseTime: 75ms
[2026-04-12T18:38:09.266Z] GET /api/v1/teams/69c4c00254b7bd6222094550/teams - Status: 200 - IP: ::1 - User: Guest - ResponseTime: 75ms
[2026-04-12T18:38:12.004Z] GET /api/v1/auth/me - Status: 200 - IP: ::1 - User: Guest - ResponseTime: 133ms
[2026-04-12T18:38:12.153Z] GET /api/v1/events - Status: 200 - IP: ::1 - User: Guest - ResponseTime: 135ms
[2026-04-12T18:38:12.304Z] GET /api/v1/teams/69c4c00254b7bd6222094550/teams - Status: 200 - IP: ::1 - User: Guest - ResponseTime: 142ms
[2026-04-12T18:38:23.770Z] GET /api/v1/auth/me - Status: 200 - IP: ::1 - User: Guest - ResponseTime: 189ms
[2026-04-12T18:38:24.790Z] GET /api/v1/auth/me - Status: 200 - IP: ::1 - User: Guest - ResponseTime: 118ms
[2026-04-12T18:38:24.916Z] GET /api/v1/events - Status: 200 - IP: ::1 - User: Guest - ResponseTime: 121ms
[2026-04-12T18:38:25.107Z] GET /api/v1/teams/69c4c00254b7bd6222094550/teams - Status: 200 - IP: ::1 - User: Guest - ResponseTime: 176ms
[2026-04-12T18:39:42.615Z] GET /api/v1/auth/me - Status: 200 - IP: ::1 - User: Guest - ResponseTime: 77ms
[2026-04-12T18:39:42.689Z] GET /api/v1/auth/me - Status: 200 - IP: ::1 - User: Guest - ResponseTime: 73ms
[2026-04-12T18:39:42.730Z] GET /api/v1/events - Status: 200 - IP: ::1 - User: Guest - ResponseTime: 95ms
[2026-04-12T18:39:42.851Z] GET /api/v1/teams/69c4c00254b7bd6222094550/teams - Status: 200 - IP: ::1 - User: Guest - ResponseTime: 106ms
[2026-04-12T18:39:42.855Z] GET /api/v1/events - Status: 200 - IP: ::1 - User: Guest - ResponseTime: 120ms
[2026-04-12T18:39:42.936Z] GET /api/v1/teams/69c4c00254b7bd6222094550/teams - Status: 200 - IP: ::1 - User: Guest - ResponseTime: 75ms
[2026-04-12T18:39:44.919Z] GET /api/v1/auth/me - Status: 200 - IP: ::1 - User: Guest - ResponseTime: 76ms
[2026-04-12T18:39:52.333Z] GET /api/v1/auth/me - Status: 200 - IP: ::1 - User: Guest - ResponseTime: 93ms
[2026-04-12T18:39:52.412Z] GET /api/v1/auth/me - Status: 200 - IP: ::1 - User: Guest - ResponseTime: 78ms
[2026-04-12T18:39:52.515Z] GET /api/v1/events - Status: 200 - IP: ::1 - User: Guest - ResponseTime: 86ms
[2026-04-12T18:39:52.622Z] GET /api/v1/teams/69c4c00254b7bd6222094550/teams - Status: 200 - IP: ::1 - User: Guest - ResponseTime: 92ms
[2026-04-12T18:40:19.045Z] GET /api/v1/auth/me - Status: 200 - IP: ::1 - User: Guest - ResponseTime: 84ms
[2026-04-12T18:40:19.137Z] GET /api/v1/auth/me - Status: 200 - IP: ::1 - User: Guest - ResponseTime: 91ms
[2026-04-12T18:40:19.247Z] GET /api/v1/events - Status: 200 - IP: ::1 - User: Guest - ResponseTime: 102ms
[2026-04-12T18:40:19.385Z] GET /api/v1/teams/69c4c00254b7bd6222094550/teams - Status: 200 - IP: ::1 - User: Guest - ResponseTime: 126ms
[2026-04-12T18:40:33.590Z] GET /api/v1/events - Status: 200 - IP: ::1 - User: Guest - ResponseTime: 86ms
[2026-04-12T18:40:33.691Z] GET /api/v1/teams/69c4c00254b7bd6222094550/teams - Status: 200 - IP: ::1 - User: Guest - ResponseTime: 79ms
[2026-04-12T18:40:37.515Z] GET /api/v1/auth/me - Status: 200 - IP: ::1 - User: Guest - ResponseTime: 405ms
[2026-04-12T18:41:31.291Z] GET /api/v1/auth/me - Status: 200 - IP: ::1 - User: Guest - ResponseTime: 77ms
[2026-04-12T18:41:31.369Z] GET /api/v1/auth/me - Status: 200 - IP: ::1 - User: Guest - ResponseTime: 76ms
[2026-04-12T18:41:31.500Z] GET /api/v1/auth/me - Status: 200 - IP: ::1 - User: Guest - ResponseTime: 102ms
[2026-04-12T18:41:31.564Z] GET /api/v1/events - Status: 200 - IP: ::1 - User: Guest - ResponseTime: 256ms
[2026-04-12T18:41:31.640Z] GET /api/v1/events/69c4c00254b7bd6222094550 - Status: 200 - IP: ::1 - User: Guest - ResponseTime: 127ms
[2026-04-12T18:41:31.681Z] GET /api/v1/teams/69c4c00254b7bd6222094550/teams - Status: 200 - IP: ::1 - User: Guest - ResponseTime: 107ms
[2026-04-12T18:41:31.802Z] GET /api/v1/schedule/69c4c00254b7bd6222094550 - Status: 200 - IP: ::1 - User: Guest - ResponseTime: 123ms
[2026-04-12T18:41:44.758Z] GET /api/v1/auth/me - Status: 200 - IP: ::1 - User: Guest - ResponseTime: 221ms
[2026-04-12T18:41:44.902Z] GET /api/v1/auth/me - Status: 200 - IP: ::1 - User: Guest - ResponseTime: 142ms
[2026-04-12T18:41:44.959Z] GET /api/v1/events - Status: 200 - IP: ::1 - User: Guest - ResponseTime: 189ms
[2026-04-12T18:41:45.209Z] GET /api/v1/auth/me - Status: 200 - IP: ::1 - User: Guest - ResponseTime: 300ms
[2026-04-12T18:41:45.260Z] GET /api/v1/teams/69c4c00254b7bd6222094550/teams - Status: 200 - IP: ::1 - User: Guest - ResponseTime: 294ms
[2026-04-12T18:41:45.311Z] GET /api/v1/events/69c4c00254b7bd6222094550 - Status: 200 - IP: ::1 - User: Guest - ResponseTime: 96ms
[2026-04-12T18:41:45.515Z] GET /api/v1/schedule/69c4c00254b7bd6222094550 - Status: 200 - IP: ::1 - User: Guest - ResponseTime: 180ms
[2026-04-12T18:41:51.707Z] GET /api/v1/auth/me - Status: 200 - IP: ::1 - User: Guest - ResponseTime: 84ms
[2026-04-12T18:41:52.668Z] GET /api/v1/auth/me - Status: 200 - IP: ::1 - User: Guest - ResponseTime: 74ms
[2026-04-12T18:41:52.882Z] GET /api/v1/events - Status: 200 - IP: ::1 - User: Guest - ResponseTime: 204ms
[2026-04-12T18:41:53.050Z] GET /api/v1/teams/69c4c00254b7bd6222094550/teams - Status: 200 - IP: ::1 - User: Guest - ResponseTime: 144ms
[2026-04-12T18:41:55.851Z] GET /api/v1/auth/me - Status: 200 - IP: ::1 - User: Guest - ResponseTime: 1248ms
[2026-04-12T18:41:55.955Z] GET /api/v1/auth/me - Status: 200 - IP: ::1 - User: Guest - ResponseTime: 94ms
[2026-04-12T18:41:56.122Z] GET /api/v1/events/69c4c00254b7bd6222094550 - Status: 200 - IP: ::1 - User: Guest - ResponseTime: 136ms
[2026-04-12T18:41:56.466Z] GET /api/v1/schedule/69c4c00254b7bd6222094550 - Status: 200 - IP: ::1 - User: Guest - ResponseTime: 304ms
[2026-04-12T18:42:31.331Z] PUT /api/v1/events/69c4c00254b7bd6222094550/rules - Status: 403 - IP: ::1 - User: Guest - ResponseTime: 211ms
[2026-04-12T18:42:36.459Z] PUT /api/v1/events/69c4c00254b7bd6222094550/rules - Status: 403 - IP: ::1 - User: Guest - ResponseTime: 75ms
[2026-04-12T18:44:14.101Z] GET /api/v1/auth/me - Status: 200 - IP: ::1 - User: Guest - ResponseTime: 109ms
[2026-04-12T18:44:14.205Z] GET /api/v1/auth/me - Status: 200 - IP: ::1 - User: Guest - ResponseTime: 102ms
[2026-04-12T18:44:14.277Z] GET /api/v1/events - Status: 200 - IP: ::1 - User: Guest - ResponseTime: 164ms
[2026-04-12T18:44:14.352Z] GET /api/v1/auth/me - Status: 200 - IP: ::1 - User: Guest - ResponseTime: 145ms
[2026-04-12T18:44:14.410Z] GET /api/v1/teams/69c4c00254b7bd6222094550/teams - Status: 200 - IP: ::1 - User: Guest - ResponseTime: 117ms
[2026-04-12T18:44:14.476Z] GET /api/v1/auth/me - Status: 200 - IP: ::1 - User: Guest - ResponseTime: 123ms
[2026-04-12T18:44:14.619Z] GET /api/v1/auth/me - Status: 200 - IP: ::1 - User: Guest - ResponseTime: 142ms
[2026-04-12T18:44:14.681Z] GET /api/v1/events/69c4c00254b7bd6222094550 - Status: 200 - IP: ::1 - User: Guest - ResponseTime: 192ms
[2026-04-12T18:44:14.803Z] GET /api/v1/events/69c4c00254b7bd6222094550 - Status: 200 - IP: ::1 - User: Guest - ResponseTime: 120ms
[2026-04-12T18:44:14.882Z] GET /api/v1/schedule/69c4c00254b7bd6222094550 - Status: 200 - IP: ::1 - User: Guest - ResponseTime: 166ms
[2026-04-12T18:44:14.997Z] GET /api/v1/schedule/69c4c00254b7bd6222094550 - Status: 200 - IP: ::1 - User: Guest - ResponseTime: 113ms
[2026-04-12T18:44:16.424Z] GET /api/v1/auth/me - Status: 200 - IP: ::1 - User: Guest - ResponseTime: 75ms
[2026-04-12T18:44:16.525Z] GET /api/v1/events - Status: 200 - IP: ::1 - User: Guest - ResponseTime: 78ms
[2026-04-12T18:44:16.601Z] GET /api/v1/auth/me - Status: 200 - IP: ::1 - User: Guest - ResponseTime: 77ms
[2026-04-12T18:44:16.663Z] GET /api/v1/teams/69c4c00254b7bd6222094550/teams - Status: 200 - IP: ::1 - User: Guest - ResponseTime: 75ms
[2026-04-12T18:44:16.710Z] GET /api/v1/auth/me - Status: 200 - IP: ::1 - User: Guest - ResponseTime: 108ms
[2026-04-12T18:44:16.793Z] GET /api/v1/auth/me - Status: 200 - IP: ::1 - User: Guest - ResponseTime: 82ms
[2026-04-12T18:44:16.877Z] GET /api/v1/auth/me - Status: 200 - IP: ::1 - User: Guest - ResponseTime: 82ms
[2026-04-12T18:44:16.916Z] GET /api/v1/events/69c4c00254b7bd6222094550 - Status: 200 - IP: ::1 - User: Guest - ResponseTime: 103ms
[2026-04-12T18:44:16.993Z] GET /api/v1/events/69c4c00254b7bd6222094550 - Status: 200 - IP: ::1 - User: Guest - ResponseTime: 76ms
[2026-04-12T18:44:17.106Z] GET /api/v1/schedule/69c4c00254b7bd6222094550 - Status: 200 - IP: ::1 - User: Guest - ResponseTime: 136ms
[2026-04-12T18:44:17.572Z] GET /api/v1/schedule/69c4c00254b7bd6222094550 - Status: 200 - IP: ::1 - User: Guest - ResponseTime: 465ms
[2026-04-12T18:45:18.583Z] GET /api/v1/auth/me - Status: 200 - IP: ::1 - User: Guest - ResponseTime: 104ms
[2026-04-12T18:45:18.718Z] GET /api/v1/auth/me - Status: 200 - IP: ::1 - User: Guest - ResponseTime: 119ms
[2026-04-12T18:45:18.843Z] GET /api/v1/events/69c4c00254b7bd6222094550 - Status: 200 - IP: ::1 - User: Guest - ResponseTime: 110ms
[2026-04-12T18:45:19.189Z] GET /api/v1/schedule/69c4c00254b7bd6222094550 - Status: 200 - IP: ::1 - User: Guest - ResponseTime: 304ms
[2026-04-12T18:52:37.672Z] GET /api/v1/auth/me - Status: 401 - IP: ::1 - User: Guest - ResponseTime: 1ms
[2026-04-12T18:52:37.680Z] GET /api/v1/auth/me - Status: 401 - IP: ::1 - User: Guest - ResponseTime: 0ms
[2026-04-12T18:52:37.737Z] GET /api/v1/auth/me - Status: 401 - IP: ::1 - User: Guest - ResponseTime: 0ms
[2026-04-12T18:52:37.946Z] GET /api/v1/auth/me - Status: 401 - IP: ::1 - User: Guest - ResponseTime: 0ms
[2026-04-12T18:52:37.950Z] GET /api/v1/auth/me - Status: 401 - IP: ::1 - User: Guest - ResponseTime: 0ms
[2026-04-12T18:52:37.952Z] GET /api/v1/auth/me - Status: 401 - IP: ::1 - User: Guest - ResponseTime: 0ms
[2026-04-12T18:52:52.440Z] GET /api/v1/auth/me - Status: 401 - IP: ::1 - User: Guest - ResponseTime: 0ms
[2026-04-12T18:52:52.444Z] GET /api/v1/auth/me - Status: 401 - IP: ::1 - User: Guest - ResponseTime: 0ms
[2026-04-12T18:52:52.452Z] GET /api/v1/auth/me - Status: 401 - IP: ::1 - User: Guest - ResponseTime: 0ms
[2026-04-12T18:53:08.864Z] GET /api/v1/auth/me - Status: 401 - IP: ::1 - User: Guest - ResponseTime: 0ms
[2026-04-12T18:53:08.867Z] GET /api/v1/auth/me - Status: 401 - IP: ::1 - User: Guest - ResponseTime: 0ms
[2026-04-12T18:53:08.924Z] GET /api/v1/auth/me - Status: 401 - IP: ::1 - User: Guest - ResponseTime: 0ms
[2026-04-12T18:53:26.661Z] GET /api/v1/auth/me - Status: 401 - IP: ::1 - User: Guest - ResponseTime: 0ms
[2026-04-12T18:53:26.669Z] GET /api/v1/auth/me - Status: 401 - IP: ::1 - User: Guest - ResponseTime: 0ms
[2026-04-12T18:53:26.676Z] GET /api/v1/auth/me - Status: 401 - IP: ::1 - User: Guest - ResponseTime: 0ms
[2026-04-12T18:54:03.764Z] GET /api/v1/auth/me - Status: 401 - IP: ::1 - User: Guest - ResponseTime: 0ms
[2026-04-12T18:54:15.211Z] POST /api/v1/auth/login - Status: 200 - IP: ::1 - User: Guest - ResponseTime: 569ms
[2026-04-12T18:54:16.896Z] GET /api/v1/auth/me - Status: 200 - IP: ::1 - User: Guest - ResponseTime: 91ms
[2026-04-12T18:54:17.262Z] GET /api/v1/events - Status: 200 - IP: ::1 - User: Guest - ResponseTime: 359ms
[2026-04-12T18:54:17.564Z] GET /api/v1/teams/registrations/69c4c00254b7bd6222094550 - Status: 200 - IP: ::1 - User: Guest - ResponseTime: 232ms
[2026-04-12T18:54:20.909Z] GET /api/v1/auth/me - Status: 200 - IP: ::1 - User: Guest - ResponseTime: 74ms
[2026-04-12T18:54:20.988Z] GET /api/v1/auth/me - Status: 200 - IP: ::1 - User: Guest - ResponseTime: 73ms
[2026-04-12T18:54:21.077Z] GET /api/v1/events/69c4c00254b7bd6222094550 - Status: 200 - IP: ::1 - User: Guest - ResponseTime: 81ms
[2026-04-12T18:54:21.223Z] GET /api/v1/teams/registrations/69c4c00254b7bd6222094550 - Status: 200 - IP: ::1 - User: Guest - ResponseTime: 136ms
[2026-04-12T18:54:21.658Z] GET /api/v1/schedule/69c4c00254b7bd6222094550 - Status: 200 - IP: ::1 - User: Guest - ResponseTime: 385ms
[2026-04-12T18:54:34.412Z] GET /api/v1/auth/me - Status: 200 - IP: ::1 - User: Guest - ResponseTime: 96ms
[2026-04-12T18:54:34.529Z] GET /api/v1/auth/me - Status: 200 - IP: ::1 - User: Guest - ResponseTime: 110ms
[2026-04-12T18:54:34.712Z] GET /api/v1/events/69c4c00254b7bd6222094550 - Status: 200 - IP: ::1 - User: Guest - ResponseTime: 153ms
[2026-04-12T18:54:34.970Z] GET /api/v1/teams/registrations/69c4c00254b7bd6222094550 - Status: 200 - IP: ::1 - User: Guest - ResponseTime: 225ms
[2026-04-12T18:54:35.424Z] GET /api/v1/schedule/69c4c00254b7bd6222094550 - Status: 200 - IP: ::1 - User: Guest - ResponseTime: 444ms
[2026-04-12T18:57:00.278Z] GET /api/v1/auth/me - Status: 200 - IP: ::1 - User: Guest - ResponseTime: 558ms
[2026-04-12T18:57:00.476Z] GET /api/v1/auth/me - Status: 200 - IP: ::1 - User: Guest - ResponseTime: 190ms
[2026-04-12T18:57:00.637Z] GET /api/v1/events/69c4c00254b7bd6222094550 - Status: 404 - IP: ::1 - User: Guest - ResponseTime: 121ms
[2026-04-12T18:57:00.742Z] GET /api/v1/teams/registrations/69c4c00254b7bd6222094550 - Status: 404 - IP: ::1 - User: Guest - ResponseTime: 82ms
[2026-04-12T18:57:00.871Z] GET /api/v1/schedule/69c4c00254b7bd6222094550 - Status: 404 - IP: ::1 - User: Guest - ResponseTime: 112ms
[2026-04-12T18:57:03.386Z] GET /api/v1/auth/me - Status: 200 - IP: ::1 - User: Guest - ResponseTime: 76ms
[2026-04-12T18:57:03.477Z] GET /api/v1/auth/me - Status: 200 - IP: ::1 - User: Guest - ResponseTime: 84ms
[2026-04-12T18:57:03.598Z] GET /api/v1/events/69c4c00254b7bd6222094550 - Status: 404 - IP: ::1 - User: Guest - ResponseTime: 96ms
[2026-04-12T18:57:03.724Z] GET /api/v1/teams/registrations/69c4c00254b7bd6222094550 - Status: 404 - IP: ::1 - User: Guest - ResponseTime: 120ms
[2026-04-12T18:57:03.909Z] GET /api/v1/schedule/69c4c00254b7bd6222094550 - Status: 404 - IP: ::1 - User: Guest - ResponseTime: 145ms
[2026-04-12T18:57:39.508Z] GET /api/v1/auth/me - Status: 200 - IP: ::1 - User: Guest - ResponseTime: 413ms
[2026-04-12T18:57:40.782Z] GET /api/v1/auth/me - Status: 200 - IP: ::1 - User: Guest - ResponseTime: 75ms
[2026-04-12T18:57:40.862Z] GET /api/v1/events - Status: 200 - IP: ::1 - User: Guest - ResponseTime: 75ms
[2026-04-12T18:57:40.958Z] GET /api/v1/teams/registrations/69c4c00254b7bd6222094550 - Status: 404 - IP: ::1 - User: Guest - ResponseTime: 75ms
[2026-04-12T18:57:47.372Z] GET /api/v1/auth/me - Status: 200 - IP: ::1 - User: Guest - ResponseTime: 103ms
[2026-04-12T18:57:47.476Z] GET /api/v1/events - Status: 200 - IP: ::1 - User: Guest - ResponseTime: 95ms
[2026-04-12T18:57:47.610Z] GET /api/v1/teams/registrations/69c4c00254b7bd6222094550 - Status: 404 - IP: ::1 - User: Guest - ResponseTime: 126ms
[2026-04-12T18:58:01.023Z] GET /api/v1/auth/me - Status: 200 - IP: ::1 - User: Guest - ResponseTime: 158ms
[2026-04-12T18:58:01.159Z] GET /api/v1/events - Status: 200 - IP: ::1 - User: Guest - ResponseTime: 125ms
[2026-04-12T18:58:01.321Z] GET /api/v1/teams/registrations/69c4c00254b7bd6222094550 - Status: 404 - IP: ::1 - User: Guest - ResponseTime: 154ms
[2026-04-12T18:59:42.623Z] GET /api/v1/auth/me - Status: 200 - IP: ::1 - User: Guest - ResponseTime: 131ms
[2026-04-12T18:59:43.994Z] GET /api/v1/auth/me - Status: 200 - IP: ::1 - User: Guest - ResponseTime: 99ms
[2026-04-12T18:59:44.265Z] GET /api/v1/events - Status: 200 - IP: ::1 - User: Guest - ResponseTime: 261ms
[2026-04-12T19:01:06.490Z] POST /api/v1/events - Status: 201 - IP: ::1 - User: Guest - ResponseTime: 230ms
[2026-04-12T19:01:12.769Z] GET /api/v1/auth/me - Status: 200 - IP: ::1 - User: Guest - ResponseTime: 138ms
[2026-04-12T19:01:12.898Z] GET /api/v1/auth/me - Status: 200 - IP: ::1 - User: Guest - ResponseTime: 121ms
[2026-04-12T19:01:13.023Z] GET /api/v1/events/69dbebf21459d2a84fe9c20e - Status: 200 - IP: ::1 - User: Guest - ResponseTime: 115ms
[2026-04-12T19:01:13.239Z] GET /api/v1/teams/registrations/69dbebf21459d2a84fe9c20e - Status: 200 - IP: ::1 - User: Guest - ResponseTime: 210ms
[2026-04-12T19:01:13.563Z] GET /api/v1/schedule/69dbebf21459d2a84fe9c20e - Status: 200 - IP: ::1 - User: Guest - ResponseTime: 276ms
[2026-04-12T19:03:22.411Z] POST /api/v1/schedule/69dbebf21459d2a84fe9c20e - Status: 201 - IP: ::1 - User: Guest - ResponseTime: 261ms
[2026-04-12T19:03:49.980Z] PUT /api/v1/events/69dbebf21459d2a84fe9c20e/rules - Status: 403 - IP: ::1 - User: Guest - ResponseTime: 225ms
[2026-04-12T19:04:57.987Z] GET /api/v1/auth/me - Status: 401 - IP: ::1 - User: Guest - ResponseTime: 1ms
[2026-04-12T19:04:57.989Z] GET /api/v1/events - Status: 401 - IP: ::1 - User: Guest - ResponseTime: 0ms
[2026-04-12T19:05:00.214Z] GET /api/v1/auth/me - Status: 401 - IP: ::1 - User: Guest - ResponseTime: 0ms
[2026-04-12T19:05:41.614Z] POST /api/v1/auth/login - Status: 400 - IP: ::1 - User: Guest - ResponseTime: 315ms
[2026-04-12T19:05:52.553Z] POST /api/v1/auth/login - Status: 200 - IP: ::1 - User: Guest - ResponseTime: 451ms
[2026-04-12T19:05:54.538Z] GET /api/v1/auth/me - Status: 200 - IP: ::1 - User: Guest - ResponseTime: 276ms
[2026-04-12T19:05:54.598Z] GET /api/v1/teams/registrations/mine - Status: 400 - IP: ::1 - User: Guest - ResponseTime: 53ms
[2026-04-12T19:05:55.430Z] GET /api/v1/events - Status: 200 - IP: ::1 - User: Guest - ResponseTime: 815ms
[2026-04-12T19:07:33.389Z] POST /api/v1/teams/register - Status: 201 - IP: ::1 - User: Guest - ResponseTime: 3350ms
[2026-04-12T19:07:33.439Z] GET /api/v1/teams/registrations/mine - Status: 400 - IP: ::1 - User: Guest - ResponseTime: 41ms
[2026-04-12T19:07:33.521Z] GET /api/v1/events - Status: 200 - IP: ::1 - User: Guest - ResponseTime: 75ms
[2026-04-12T19:07:50.241Z] GET /api/v1/auth/me - Status: 200 - IP: ::1 - User: Guest - ResponseTime: 103ms
[2026-04-12T19:07:50.350Z] GET /api/v1/auth/me - Status: 200 - IP: ::1 - User: Guest - ResponseTime: 104ms
[2026-04-12T19:07:50.475Z] GET /api/v1/events/69dbebf21459d2a84fe9c20e - Status: 200 - IP: ::1 - User: Guest - ResponseTime: 110ms
[2026-04-12T19:07:50.702Z] GET /api/v1/teams/registrations/69dbebf21459d2a84fe9c20e - Status: 200 - IP: ::1 - User: Guest - ResponseTime: 220ms
[2026-04-12T19:07:50.927Z] GET /api/v1/schedule/69dbebf21459d2a84fe9c20e - Status: 200 - IP: ::1 - User: Guest - ResponseTime: 190ms
[2026-04-13T07:53:33.081Z] GET /api/v1/auth/me - Status: 401 - IP: ::1 - User: Guest - ResponseTime: 3ms
[2026-04-13T07:53:46.053Z] POST /api/v1/auth/login - Status: 200 - IP: ::1 - User: Guest - ResponseTime: 293ms
[2026-04-13T07:53:48.153Z] GET /api/v1/auth/me - Status: 200 - IP: ::1 - User: Guest - ResponseTime: 185ms
[2026-04-13T07:53:48.204Z] GET /api/v1/teams/registrations/mine - Status: 400 - IP: ::1 - User: Guest - ResponseTime: 42ms
[2026-04-13T07:53:48.483Z] GET /api/v1/events - Status: 200 - IP: ::1 - User: Guest - ResponseTime: 269ms
[2026-04-13T07:54:21.259Z] GET /api/v1/auth/me - Status: 401 - IP: ::1 - User: Guest - ResponseTime: 0ms
[2026-04-13T07:54:21.358Z] GET /api/v1/auth/me - Status: 401 - IP: ::1 - User: Guest - ResponseTime: 0ms
[2026-04-13T07:54:30.960Z] POST /api/v1/auth/login - Status: 200 - IP: ::1 - User: Guest - ResponseTime: 1025ms
[2026-04-13T07:54:32.961Z] GET /api/v1/auth/me - Status: 200 - IP: ::1 - User: Guest - ResponseTime: 246ms
[2026-04-13T07:54:33.157Z] GET /api/v1/events - Status: 200 - IP: ::1 - User: Guest - ResponseTime: 185ms
[2026-04-13T07:54:33.361Z] GET /api/v1/teams/registrations/69dbebf21459d2a84fe9c20e - Status: 200 - IP: ::1 - User: Guest - ResponseTime: 187ms
[2026-04-13T07:54:53.004Z] GET /api/v1/auth/me - Status: 200 - IP: ::1 - User: Guest - ResponseTime: 93ms
[2026-04-13T07:54:53.176Z] GET /api/v1/auth/me - Status: 200 - IP: ::1 - User: Guest - ResponseTime: 85ms
[2026-04-13T07:54:53.401Z] GET /api/v1/events/69dbebf21459d2a84fe9c20e - Status: 200 - IP: ::1 - User: Guest - ResponseTime: 94ms
[2026-04-13T07:54:53.654Z] GET /api/v1/teams/registrations/69dbebf21459d2a84fe9c20e - Status: 200 - IP: ::1 - User: Guest - ResponseTime: 141ms
[2026-04-13T07:54:53.866Z] GET /api/v1/schedule/69dbebf21459d2a84fe9c20e - Status: 200 - IP: ::1 - User: Guest - ResponseTime: 147ms
[2026-04-13T08:03:38.958Z] GET /api/v1/auth/me - Status: 200 - IP: ::1 - User: Guest - ResponseTime: 295ms
[2026-04-13T08:03:39.096Z] GET /api/v1/auth/me - Status: 200 - IP: ::1 - User: Guest - ResponseTime: 118ms
[2026-04-13T08:03:39.287Z] GET /api/v1/events/69dbebf21459d2a84fe9c20e - Status: 200 - IP: ::1 - User: Guest - ResponseTime: 86ms
[2026-04-13T08:03:39.557Z] GET /api/v1/teams/registrations/69dbebf21459d2a84fe9c20e - Status: 200 - IP: ::1 - User: Guest - ResponseTime: 153ms
[2026-04-13T08:03:39.765Z] GET /api/v1/schedule/69dbebf21459d2a84fe9c20e - Status: 200 - IP: ::1 - User: Guest - ResponseTime: 153ms
[2026-04-13T08:03:51.545Z] GET /api/v1/auth/me - Status: 200 - IP: ::1 - User: Guest - ResponseTime: 184ms
[2026-04-13T08:03:51.687Z] GET /api/v1/auth/me - Status: 200 - IP: ::1 - User: Guest - ResponseTime: 127ms
[2026-04-13T08:03:52.014Z] GET /api/v1/events/69dbebf21459d2a84fe9c20e - Status: 200 - IP: ::1 - User: Guest - ResponseTime: 208ms
[2026-04-13T08:03:52.409Z] GET /api/v1/teams/registrations/69dbebf21459d2a84fe9c20e - Status: 200 - IP: ::1 - User: Guest - ResponseTime: 368ms
[2026-04-13T08:03:52.716Z] GET /api/v1/schedule/69dbebf21459d2a84fe9c20e - Status: 200 - IP: ::1 - User: Guest - ResponseTime: 293ms
[2026-04-13T08:04:11.194Z] GET /api/v1/auth/me - Status: 200 - IP: ::1 - User: Guest - ResponseTime: 215ms
[2026-04-13T08:04:11.372Z] GET /api/v1/auth/me - Status: 200 - IP: ::1 - User: Guest - ResponseTime: 154ms
[2026-04-13T08:04:11.614Z] GET /api/v1/events/69dbebf21459d2a84fe9c20e - Status: 200 - IP: ::1 - User: Guest - ResponseTime: 153ms
[2026-04-13T08:04:11.955Z] GET /api/v1/teams/registrations/69dbebf21459d2a84fe9c20e - Status: 200 - IP: ::1 - User: Guest - ResponseTime: 291ms
[2026-04-13T08:04:12.157Z] GET /api/v1/schedule/69dbebf21459d2a84fe9c20e - Status: 200 - IP: ::1 - User: Guest - ResponseTime: 185ms
[2026-04-13T08:04:14.564Z] GET /api/v1/auth/me - Status: 200 - IP: ::1 - User: Guest - ResponseTime: 167ms
[2026-04-13T08:04:14.689Z] GET /api/v1/auth/me - Status: 200 - IP: ::1 - User: Guest - ResponseTime: 116ms
[2026-04-13T08:04:14.986Z] GET /api/v1/events/69dbebf21459d2a84fe9c20e - Status: 200 - IP: ::1 - User: Guest - ResponseTime: 201ms
[2026-04-13T08:04:15.333Z] GET /api/v1/teams/registrations/69dbebf21459d2a84fe9c20e - Status: 200 - IP: ::1 - User: Guest - ResponseTime: 313ms
[2026-04-13T08:04:15.639Z] GET /api/v1/schedule/69dbebf21459d2a84fe9c20e - Status: 200 - IP: ::1 - User: Guest - ResponseTime: 276ms
[2026-04-13T08:04:25.232Z] PUT /api/v1/teams/registrations/69dbed721459d2a84fe9c226/approve - Status: 200 - IP: ::1 - User: Guest - ResponseTime: 277ms
[2026-04-13T08:06:04.075Z] GET /api/v1/auth/me - Status: 200 - IP: ::1 - User: Guest - ResponseTime: 142ms
[2026-04-13T08:06:04.129Z] GET /api/v1/teams/registrations/mine - Status: 400 - IP: ::1 - User: Guest - ResponseTime: 49ms
[2026-04-13T08:06:04.756Z] GET /api/v1/auth/me - Status: 200 - IP: ::1 - User: Guest - ResponseTime: 458ms
[2026-04-13T08:06:04.840Z] GET /api/v1/events - Status: 200 - IP: ::1 - User: Guest - ResponseTime: 707ms
[2026-04-13T08:06:04.948Z] GET /api/v1/auth/me - Status: 200 - IP: ::1 - User: Guest - ResponseTime: 179ms
[2026-04-13T08:06:05.161Z] GET /api/v1/events/69dbebf21459d2a84fe9c20e - Status: 200 - IP: ::1 - User: Guest - ResponseTime: 100ms
[2026-04-13T08:06:05.336Z] GET /api/v1/teams/registrations/69dbebf21459d2a84fe9c20e - Status: 200 - IP: ::1 - User: Guest - ResponseTime: 138ms
[2026-04-13T08:06:05.584Z] GET /api/v1/schedule/69dbebf21459d2a84fe9c20e - Status: 200 - IP: ::1 - User: Guest - ResponseTime: 213ms
[2026-04-13T08:06:12.466Z] GET /api/v1/auth/me - Status: 200 - IP: ::1 - User: Guest - ResponseTime: 164ms
[2026-04-13T08:06:12.524Z] GET /api/v1/teams/registrations/mine - Status: 400 - IP: ::1 - User: Guest - ResponseTime: 54ms
[2026-04-13T08:06:13.257Z] GET /api/v1/events - Status: 200 - IP: ::1 - User: Guest - ResponseTime: 727ms
[2026-04-13T08:06:13.850Z] GET /api/v1/auth/me - Status: 200 - IP: ::1 - User: Guest - ResponseTime: 81ms
[2026-04-13T08:06:13.899Z] GET /api/v1/teams/registrations/mine - Status: 400 - IP: ::1 - User: Guest - ResponseTime: 45ms
[2026-04-13T08:06:14.015Z] GET /api/v1/auth/me - Status: 200 - IP: ::1 - User: Guest - ResponseTime: 126ms
[2026-04-13T08:06:14.113Z] GET /api/v1/auth/me - Status: 200 - IP: ::1 - User: Guest - ResponseTime: 90ms
[2026-04-13T08:06:14.120Z] GET /api/v1/events - Status: 200 - IP: ::1 - User: Guest - ResponseTime: 217ms
[2026-04-13T08:06:14.199Z] GET /api/v1/events/69dbebf21459d2a84fe9c20e - Status: 200 - IP: ::1 - User: Guest - ResponseTime: 77ms
[2026-04-13T08:06:14.431Z] GET /api/v1/teams/registrations/69dbebf21459d2a84fe9c20e - Status: 200 - IP: ::1 - User: Guest - ResponseTime: 219ms
[2026-04-13T08:06:14.784Z] GET /api/v1/schedule/69dbebf21459d2a84fe9c20e - Status: 200 - IP: ::1 - User: Guest - ResponseTime: 117ms
[2026-04-13T08:07:34.698Z] GET /api/v1/auth/me - Status: 200 - IP: ::1 - User: Guest - ResponseTime: 108ms
[2026-04-13T08:07:34.781Z] GET /api/v1/teams/registrations/mine - Status: 400 - IP: ::1 - User: Guest - ResponseTime: 75ms
[2026-04-13T08:07:34.785Z] GET /api/v1/auth/me - Status: 200 - IP: ::1 - User: Guest - ResponseTime: 95ms
[2026-04-13T08:07:34.910Z] GET /api/v1/auth/me - Status: 200 - IP: ::1 - User: Guest - ResponseTime: 115ms
[2026-04-13T08:07:34.921Z] GET /api/v1/events - Status: 200 - IP: ::1 - User: Guest - ResponseTime: 136ms
[2026-04-13T08:07:34.999Z] GET /api/v1/events/69dbebf21459d2a84fe9c20e - Status: 200 - IP: ::1 - User: Guest - ResponseTime: 80ms
[2026-04-13T08:07:35.129Z] GET /api/v1/teams/registrations/69dbebf21459d2a84fe9c20e - Status: 200 - IP: ::1 - User: Guest - ResponseTime: 116ms
[2026-04-13T08:07:35.255Z] GET /api/v1/schedule/69dbebf21459d2a84fe9c20e - Status: 200 - IP: ::1 - User: Guest - ResponseTime: 119ms
[2026-04-13T08:07:50.730Z] GET /api/v1/auth/me - Status: 200 - IP: ::1 - User: Guest - ResponseTime: 87ms
[2026-04-13T08:07:50.779Z] GET /api/v1/teams/registrations/mine - Status: 400 - IP: ::1 - User: Guest - ResponseTime: 45ms
[2026-04-13T08:07:50.866Z] GET /api/v1/auth/me - Status: 200 - IP: ::1 - User: Guest - ResponseTime: 109ms
[2026-04-13T08:07:50.930Z] GET /api/v1/events - Status: 200 - IP: ::1 - User: Guest - ResponseTime: 146ms
[2026-04-13T08:07:51.006Z] GET /api/v1/auth/me - Status: 200 - IP: ::1 - User: Guest - ResponseTime: 131ms
[2026-04-13T08:07:51.096Z] GET /api/v1/events/69dbebf21459d2a84fe9c20e - Status: 200 - IP: ::1 - User: Guest - ResponseTime: 78ms
[2026-04-13T08:07:51.223Z] GET /api/v1/teams/registrations/69dbebf21459d2a84fe9c20e - Status: 200 - IP: ::1 - User: Guest - ResponseTime: 114ms
[2026-04-13T08:07:51.495Z] GET /api/v1/schedule/69dbebf21459d2a84fe9c20e - Status: 200 - IP: ::1 - User: Guest - ResponseTime: 117ms
[2026-04-13T08:08:24.967Z] GET /api/v1/auth/me - Status: 200 - IP: ::1 - User: Guest - ResponseTime: 91ms
[2026-04-13T08:08:25.017Z] GET /api/v1/teams/registrations/mine - Status: 400 - IP: ::1 - User: Guest - ResponseTime: 43ms
[2026-04-13T08:08:25.110Z] GET /api/v1/events - Status: 200 - IP: ::1 - User: Guest - ResponseTime: 85ms
[2026-04-13T08:08:25.185Z] GET /api/v1/auth/me - Status: 200 - IP: ::1 - User: Guest - ResponseTime: 77ms
[2026-04-13T08:08:25.269Z] GET /api/v1/auth/me - Status: 200 - IP: ::1 - User: Guest - ResponseTime: 79ms
[2026-04-13T08:08:25.353Z] GET /api/v1/events/69dbebf21459d2a84fe9c20e - Status: 200 - IP: ::1 - User: Guest - ResponseTime: 79ms
[2026-04-13T08:08:25.477Z] GET /api/v1/teams/registrations/69dbebf21459d2a84fe9c20e - Status: 200 - IP: ::1 - User: Guest - ResponseTime: 117ms
[2026-04-13T08:08:25.816Z] GET /api/v1/schedule/69dbebf21459d2a84fe9c20e - Status: 200 - IP: ::1 - User: Guest - ResponseTime: 122ms
[2026-04-13T08:08:30.081Z] GET /api/v1/auth/me - Status: 200 - IP: ::1 - User: Guest - ResponseTime: 112ms
[2026-04-13T08:08:30.127Z] GET /api/v1/teams/registrations/mine - Status: 400 - IP: ::1 - User: Guest - ResponseTime: 42ms
[2026-04-13T08:08:30.245Z] GET /api/v1/events - Status: 200 - IP: ::1 - User: Guest - ResponseTime: 90ms
[2026-04-13T08:09:32.551Z] GET /api/v1/auth/me - Status: 401 - IP: ::1 - User: Guest - ResponseTime: 0ms
[2026-04-13T08:09:32.615Z] GET /api/v1/auth/me - Status: 401 - IP: ::1 - User: Guest - ResponseTime: 0ms
[2026-04-13T08:09:32.640Z] GET /api/v1/auth/me - Status: 401 - IP: ::1 - User: Guest - ResponseTime: 0ms
[2026-04-13T08:09:32.761Z] GET /api/v1/auth/me - Status: 401 - IP: ::1 - User: Guest - ResponseTime: 0ms
[2026-04-13T08:09:43.975Z] GET /api/v1/auth/me - Status: 401 - IP: ::1 - User: Guest - ResponseTime: 0ms
[2026-04-13T08:09:44.032Z] GET /api/v1/auth/me - Status: 401 - IP: ::1 - User: Guest - ResponseTime: 0ms
[2026-04-13T08:09:53.529Z] POST /api/v1/auth/login - Status: 200 - IP: ::1 - User: Guest - ResponseTime: 333ms
[2026-04-13T08:09:55.296Z] GET /api/v1/auth/me - Status: 200 - IP: ::1 - User: Guest - ResponseTime: 80ms
[2026-04-13T08:09:55.405Z] GET /api/v1/events - Status: 200 - IP: ::1 - User: Guest - ResponseTime: 97ms
[2026-04-13T08:09:55.558Z] GET /api/v1/teams/registrations/69dbebf21459d2a84fe9c20e - Status: 200 - IP: ::1 - User: Guest - ResponseTime: 144ms
[2026-04-13T08:10:01.300Z] POST /api/v1/auth/logout - Status: 200 - IP: ::1 - User: Guest - ResponseTime: 91ms
[2026-04-13T08:10:01.397Z] GET /api/v1/auth/me - Status: 401 - IP: ::1 - User: Guest - ResponseTime: 0ms
[2026-04-13T08:10:15.544Z] POST /api/v1/auth/login - Status: 200 - IP: ::1 - User: Guest - ResponseTime: 548ms
[2026-04-13T08:10:16.825Z] GET /api/v1/auth/me - Status: 200 - IP: ::1 - User: Guest - ResponseTime: 83ms
[2026-04-13T08:10:17.133Z] GET /api/v1/auth/me - Status: 401 - IP: ::1 - User: Guest - ResponseTime: 0ms
[2026-04-13T08:10:17.919Z] GET /api/v1/auth/me - Status: 200 - IP: ::1 - User: Guest - ResponseTime: 92ms
[2026-04-13T08:10:18.870Z] GET /api/v1/auth/me - Status: 200 - IP: ::1 - User: Guest - ResponseTime: 79ms
[2026-04-13T08:10:18.923Z] GET /api/v1/teams/registrations/mine - Status: 400 - IP: ::1 - User: Guest - ResponseTime: 43ms
[2026-04-13T08:10:19.018Z] GET /api/v1/events - Status: 200 - IP: ::1 - User: Guest - ResponseTime: 86ms
[2026-04-13T08:10:30.946Z] GET /api/v1/auth/me - Status: 200 - IP: ::1 - User: Guest - ResponseTime: 77ms
[2026-04-13T08:10:30.959Z] GET /api/v1/auth/me - Status: 401 - IP: ::1 - User: Guest - ResponseTime: 0ms
[2026-04-13T08:10:30.995Z] GET /api/v1/teams/registrations/mine - Status: 400 - IP: ::1 - User: Guest - ResponseTime: 44ms
[2026-04-13T08:10:31.087Z] GET /api/v1/events - Status: 200 - IP: ::1 - User: Guest - ResponseTime: 87ms
[2026-04-13T08:10:40.685Z] GET /api/v1/auth/me - Status: 401 - IP: ::1 - User: Guest - ResponseTime: 1ms
[2026-04-13T08:10:41.895Z] GET /api/v1/auth/me - Status: 200 - IP: ::1 - User: Guest - ResponseTime: 1466ms
[2026-04-13T08:10:41.952Z] GET /api/v1/teams/registrations/mine - Status: 400 - IP: ::1 - User: Guest - ResponseTime: 50ms
[2026-04-13T08:10:42.067Z] GET /api/v1/events - Status: 200 - IP: ::1 - User: Guest - ResponseTime: 106ms
[2026-04-13T08:10:45.395Z] GET /api/v1/auth/me - Status: 401 - IP: ::1 - User: Guest - ResponseTime: 0ms
[2026-04-13T08:10:45.407Z] GET /api/v1/auth/me - Status: 200 - IP: ::1 - User: Guest - ResponseTime: 75ms
[2026-04-13T08:10:45.453Z] GET /api/v1/teams/registrations/mine - Status: 400 - IP: ::1 - User: Guest - ResponseTime: 41ms
[2026-04-13T08:10:45.541Z] GET /api/v1/events - Status: 200 - IP: ::1 - User: Guest - ResponseTime: 81ms
[2026-04-13T08:11:02.970Z] GET /api/v1/auth/me - Status: 401 - IP: ::1 - User: Guest - ResponseTime: 0ms
[2026-04-13T08:11:03.063Z] GET /api/v1/auth/me - Status: 200 - IP: ::1 - User: Guest - ResponseTime: 84ms
[2026-04-13T08:11:03.132Z] GET /api/v1/teams/registrations/mine - Status: 400 - IP: ::1 - User: Guest - ResponseTime: 63ms
[2026-04-13T08:11:03.265Z] GET /api/v1/events - Status: 200 - IP: ::1 - User: Guest - ResponseTime: 126ms
[2026-04-13T08:12:24.087Z] POST /api/v1/auth/login - Status: 200 - IP: ::1 - User: Guest - ResponseTime: 717ms
[2026-04-13T08:12:26.072Z] GET /api/v1/auth/me - Status: 200 - IP: ::1 - User: Guest - ResponseTime: 81ms
[2026-04-13T08:12:26.386Z] GET /api/v1/events - Status: 200 - IP: ::1 - User: Guest - ResponseTime: 304ms
[2026-04-13T08:12:26.735Z] GET /api/v1/teams/registrations/69dbebf21459d2a84fe9c20e - Status: 200 - IP: ::1 - User: Guest - ResponseTime: 299ms
[2026-04-13T08:12:38.545Z] GET /api/v1/auth/me - Status: 200 - IP: ::1 - User: Guest - ResponseTime: 153ms
[2026-04-13T08:12:38.713Z] GET /api/v1/auth/me - Status: 200 - IP: ::1 - User: Guest - ResponseTime: 159ms
[2026-04-13T08:12:38.861Z] GET /api/v1/events/69dbebf21459d2a84fe9c20e - Status: 200 - IP: ::1 - User: Guest - ResponseTime: 94ms
[2026-04-13T08:12:39.220Z] GET /api/v1/teams/registrations/69dbebf21459d2a84fe9c20e - Status: 200 - IP: ::1 - User: Guest - ResponseTime: 343ms
[2026-04-13T08:12:39.426Z] GET /api/v1/schedule/69dbebf21459d2a84fe9c20e - Status: 200 - IP: ::1 - User: Guest - ResponseTime: 188ms
[2026-04-13T08:12:46.086Z] GET /api/v1/events - Status: 200 - IP: ::1 - User: Guest - ResponseTime: 224ms
[2026-04-13T08:12:46.485Z] GET /api/v1/teams/registrations/69dbebf21459d2a84fe9c20e - Status: 200 - IP: ::1 - User: Guest - ResponseTime: 394ms
[2026-04-13T08:13:07.922Z] GET /api/v1/auth/me - Status: 200 - IP: ::1 - User: Guest - ResponseTime: 101ms
[2026-04-13T08:13:07.981Z] GET /api/v1/teams/registrations/mine - Status: 400 - IP: ::1 - User: Guest - ResponseTime: 52ms
[2026-04-13T08:13:09.130Z] GET /api/v1/events - Status: 200 - IP: ::1 - User: Guest - ResponseTime: 1142ms
[2026-04-13T08:14:35.013Z] GET /api/v1/auth/me - Status: 200 - IP: ::1 - User: Guest - ResponseTime: 700ms
[2026-04-13T08:14:35.269Z] GET /api/v1/events - Status: 200 - IP: ::1 - User: Guest - ResponseTime: 219ms
[2026-04-13T08:14:35.674Z] GET /api/v1/teams/registrations/69dbebf21459d2a84fe9c20e - Status: 200 - IP: ::1 - User: Guest - ResponseTime: 353ms
[2026-04-13T08:14:40.778Z] GET /api/v1/auth/me - Status: 200 - IP: ::1 - User: Guest - ResponseTime: 139ms
[2026-04-13T08:14:40.812Z] GET /api/v1/auth/me - Status: 200 - IP: ::1 - User: Guest - ResponseTime: 144ms
[2026-04-13T08:14:40.826Z] GET /api/v1/teams/registrations/mine - Status: 400 - IP: ::1 - User: Guest - ResponseTime: 40ms
[2026-04-13T08:14:40.971Z] GET /api/v1/events - Status: 200 - IP: ::1 - User: Guest - ResponseTime: 136ms
[2026-04-13T08:14:41.012Z] GET /api/v1/events - Status: 200 - IP: ::1 - User: Guest - ResponseTime: 146ms
[2026-04-13T08:14:41.184Z] GET /api/v1/teams/registrations/69dbebf21459d2a84fe9c20e - Status: 200 - IP: ::1 - User: Guest - ResponseTime: 115ms
[2026-04-13T08:14:56.183Z] GET /api/v1/auth/me - Status: 200 - IP: ::1 - User: Guest - ResponseTime: 80ms
[2026-04-13T08:14:56.244Z] GET /api/v1/teams/registrations/mine - Status: 400 - IP: ::1 - User: Guest - ResponseTime: 43ms
[2026-04-13T08:14:56.344Z] GET /api/v1/events - Status: 200 - IP: ::1 - User: Guest - ResponseTime: 92ms
[2026-04-13T08:14:56.748Z] GET /api/v1/auth/me - Status: 200 - IP: ::1 - User: Guest - ResponseTime: 83ms
[2026-04-13T08:14:56.970Z] GET /api/v1/events - Status: 200 - IP: ::1 - User: Guest - ResponseTime: 109ms
[2026-04-13T08:14:57.181Z] GET /api/v1/teams/registrations/69dbebf21459d2a84fe9c20e - Status: 200 - IP: ::1 - User: Guest - ResponseTime: 115ms
[2026-04-13T08:15:03.356Z] GET /api/v1/auth/me - Status: 200 - IP: ::1 - User: Guest - ResponseTime: 114ms
[2026-04-13T08:15:03.417Z] GET /api/v1/teams/registrations/mine - Status: 400 - IP: ::1 - User: Guest - ResponseTime: 53ms
[2026-04-13T08:15:03.609Z] GET /api/v1/events - Status: 200 - IP: ::1 - User: Guest - ResponseTime: 180ms
[2026-04-13T08:15:03.946Z] GET /api/v1/auth/me - Status: 200 - IP: ::1 - User: Guest - ResponseTime: 122ms
[2026-04-13T08:15:04.891Z] GET /api/v1/events - Status: 200 - IP: ::1 - User: Guest - ResponseTime: 851ms
[2026-04-13T08:15:05.048Z] GET /api/v1/teams/registrations/69dbebf21459d2a84fe9c20e - Status: 200 - IP: ::1 - User: Guest - ResponseTime: 127ms
[2026-04-13T08:15:10.864Z] GET /api/v1/auth/me - Status: 200 - IP: ::1 - User: Guest - ResponseTime: 106ms
[2026-04-13T08:15:10.919Z] GET /api/v1/teams/registrations/mine - Status: 400 - IP: ::1 - User: Guest - ResponseTime: 42ms
[2026-04-13T08:15:11.015Z] GET /api/v1/events - Status: 200 - IP: ::1 - User: Guest - ResponseTime: 86ms
[2026-04-13T08:15:11.094Z] GET /api/v1/auth/me - Status: 200 - IP: ::1 - User: Guest - ResponseTime: 90ms
[2026-04-13T08:15:11.298Z] GET /api/v1/events - Status: 200 - IP: ::1 - User: Guest - ResponseTime: 87ms
[2026-04-13T08:15:11.547Z] GET /api/v1/teams/registrations/69dbebf21459d2a84fe9c20e - Status: 200 - IP: ::1 - User: Guest - ResponseTime: 116ms
[2026-04-13T08:15:13.756Z] GET /api/v1/auth/me - Status: 200 - IP: ::1 - User: Guest - ResponseTime: 87ms
[2026-04-13T08:15:13.809Z] GET /api/v1/teams/registrations/mine - Status: 400 - IP: ::1 - User: Guest - ResponseTime: 47ms
[2026-04-13T08:15:13.899Z] GET /api/v1/events - Status: 200 - IP: ::1 - User: Guest - ResponseTime: 82ms
[2026-04-13T08:15:14.009Z] GET /api/v1/auth/me - Status: 200 - IP: ::1 - User: Guest - ResponseTime: 91ms
[2026-04-13T08:15:14.233Z] GET /api/v1/events - Status: 200 - IP: ::1 - User: Guest - ResponseTime: 115ms
[2026-04-13T08:15:14.445Z] GET /api/v1/teams/registrations/69dbebf21459d2a84fe9c20e - Status: 200 - IP: ::1 - User: Guest - ResponseTime: 126ms
[2026-04-13T08:15:24.754Z] GET /api/v1/auth/me - Status: 200 - IP: ::1 - User: Guest - ResponseTime: 153ms
[2026-04-13T08:15:24.820Z] GET /api/v1/teams/registrations/mine - Status: 400 - IP: ::1 - User: Guest - ResponseTime: 61ms
[2026-04-13T08:15:24.998Z] GET /api/v1/events - Status: 200 - IP: ::1 - User: Guest - ResponseTime: 171ms
[2026-04-13T08:15:50.077Z] GET /api/v1/auth/me - Status: 200 - IP: ::1 - User: Guest - ResponseTime: 82ms
[2026-04-13T08:15:50.252Z] GET /api/v1/auth/me - Status: 200 - IP: ::1 - User: Guest - ResponseTime: 103ms
[2026-04-13T08:15:50.423Z] GET /api/v1/auth/me - Status: 200 - IP: ::1 - User: Guest - ResponseTime: 103ms
[2026-04-13T08:15:50.516Z] GET /api/v1/auth/me - Status: 200 - IP: ::1 - User: Guest - ResponseTime: 79ms
[2026-04-13T08:15:50.870Z] GET /api/v1/auth/me - Status: 200 - IP: ::1 - User: Guest - ResponseTime: 83ms
[2026-04-13T08:15:50.919Z] GET /api/v1/teams/registrations/mine - Status: 400 - IP: ::1 - User: Guest - ResponseTime: 43ms
[2026-04-13T08:15:51.012Z] GET /api/v1/events - Status: 200 - IP: ::1 - User: Guest - ResponseTime: 89ms
[2026-04-13T08:18:36.565Z] GET /api/v1/auth/me - Status: 200 - IP: ::1 - User: Guest - ResponseTime: 91ms
[2026-04-13T08:18:36.623Z] GET /api/v1/teams/registrations/mine - Status: 400 - IP: ::1 - User: Guest - ResponseTime: 48ms
[2026-04-13T08:18:37.713Z] GET /api/v1/events - Status: 200 - IP: ::1 - User: Guest - ResponseTime: 1082ms
[2026-04-13T08:18:45.708Z] GET /api/v1/auth/me - Status: 200 - IP: ::1 - User: Guest - ResponseTime: 80ms
[2026-04-13T08:18:45.757Z] GET /api/v1/teams/registrations/mine - Status: 400 - IP: ::1 - User: Guest - ResponseTime: 42ms
[2026-04-13T08:18:45.849Z] GET /api/v1/events - Status: 200 - IP: ::1 - User: Guest - ResponseTime: 85ms
[2026-04-13T08:19:21.512Z] GET /api/v1/auth/me - Status: 200 - IP: ::1 - User: Guest - ResponseTime: 117ms
[2026-04-13T08:19:21.586Z] GET /api/v1/teams/registrations/mine - Status: 400 - IP: ::1 - User: Guest - ResponseTime: 67ms
[2026-04-13T08:19:21.679Z] GET /api/v1/events - Status: 200 - IP: ::1 - User: Guest - ResponseTime: 85ms
[2026-04-13T08:19:34.434Z] GET /api/v1/auth/me - Status: 200 - IP: ::1 - User: Guest - ResponseTime: 204ms
[2026-04-13T08:19:34.485Z] GET /api/v1/teams/registrations/mine - Status: 400 - IP: ::1 - User: Guest - ResponseTime: 42ms
[2026-04-13T08:19:34.731Z] GET /api/v1/events - Status: 200 - IP: ::1 - User: Guest - ResponseTime: 237ms
[2026-04-13T08:19:39.113Z] GET /api/v1/auth/me - Status: 200 - IP: ::1 - User: Guest - ResponseTime: 85ms
[2026-04-13T08:19:39.166Z] GET /api/v1/teams/registrations/mine - Status: 400 - IP: ::1 - User: Guest - ResponseTime: 47ms
[2026-04-13T08:19:39.264Z] GET /api/v1/events - Status: 200 - IP: ::1 - User: Guest - ResponseTime: 90ms
[2026-04-13T08:19:47.828Z] GET /api/v1/auth/me - Status: 200 - IP: ::1 - User: Guest - ResponseTime: 135ms
[2026-04-13T08:19:47.877Z] GET /api/v1/teams/registrations/mine - Status: 400 - IP: ::1 - User: Guest - ResponseTime: 42ms
[2026-04-13T08:19:47.969Z] GET /api/v1/events - Status: 200 - IP: ::1 - User: Guest - ResponseTime: 86ms
[2026-04-13T08:20:00.189Z] GET /api/v1/auth/me - Status: 200 - IP: ::1 - User: Guest - ResponseTime: 82ms
[2026-04-13T08:20:00.239Z] GET /api/v1/teams/registrations/mine - Status: 400 - IP: ::1 - User: Guest - ResponseTime: 42ms
[2026-04-13T08:20:00.337Z] GET /api/v1/events - Status: 200 - IP: ::1 - User: Guest - ResponseTime: 87ms
[2026-04-13T08:20:13.883Z] GET /api/v1/auth/me - Status: 200 - IP: ::1 - User: Guest - ResponseTime: 83ms
[2026-04-13T08:20:13.932Z] GET /api/v1/teams/registrations/mine - Status: 400 - IP: ::1 - User: Guest - ResponseTime: 41ms
[2026-04-13T08:20:14.029Z] GET /api/v1/events - Status: 200 - IP: ::1 - User: Guest - ResponseTime: 88ms
[2026-04-13T08:20:25.237Z] GET /api/v1/auth/me - Status: 200 - IP: ::1 - User: Guest - ResponseTime: 83ms
[2026-04-13T08:20:25.296Z] GET /api/v1/teams/registrations/mine - Status: 400 - IP: ::1 - User: Guest - ResponseTime: 54ms
[2026-04-13T08:20:25.389Z] GET /api/v1/events - Status: 200 - IP: ::1 - User: Guest - ResponseTime: 86ms
[2026-04-13T08:20:46.661Z] GET /api/v1/auth/me - Status: 200 - IP: ::1 - User: Guest - ResponseTime: 86ms
[2026-04-13T08:20:46.713Z] GET /api/v1/teams/registrations/mine - Status: 400 - IP: ::1 - User: Guest - ResponseTime: 42ms
[2026-04-13T08:20:46.812Z] GET /api/v1/events - Status: 200 - IP: ::1 - User: Guest - ResponseTime: 91ms
[2026-04-13T08:21:08.486Z] GET /api/v1/auth/me - Status: 200 - IP: ::1 - User: Guest - ResponseTime: 201ms
[2026-04-13T08:21:08.544Z] GET /api/v1/teams/registrations/mine - Status: 400 - IP: ::1 - User: Guest - ResponseTime: 45ms
[2026-04-13T08:21:08.754Z] GET /api/v1/events - Status: 200 - IP: ::1 - User: Guest - ResponseTime: 196ms
